0 info it worked if it ends with ok
1 verbose cli [ '/usr/bin/node', '/usr/bin/npm', 'run', 'start' ]
2 info using npm@6.13.4
3 info using node@v12.14.1
4 verbose run-script [ 'prestart', 'start', 'poststart' ]
5 info lifecycle capital8@0.1.0~prestart: capital8@0.1.0
6 info lifecycle capital8@0.1.0~start: capital8@0.1.0
7 verbose lifecycle capital8@0.1.0~start: unsafe-perm in lifecycle true
8 verbose lifecycle capital8@0.1.0~start: PATH: /usr/lib/node_modules/npm/node_modules/npm-lifecycle/node-gyp-bin:/home/tactile-communication/domains/capital8.tactile-communication.com/public_html/node_modules/.bin:/usr/local/bin:/usr/bin:/bin:/usr/local/games:/usr/games
9 verbose lifecycle capital8@0.1.0~start: CWD: /home/tactile-communication/domains/capital8.tactile-communication.com/public_html
10 silly lifecycle capital8@0.1.0~start: Args: [ '-c', 'NODE_ENV=production node server.js' ]
11 silly lifecycle capital8@0.1.0~start: Returned: code: 1  signal: null
12 info lifecycle capital8@0.1.0~start: Failed to exec start script
13 verbose stack Error: capital8@0.1.0 start: `NODE_ENV=production node server.js`
13 verbose stack Exit status 1
13 verbose stack     at EventEmitter.<anonymous> (/usr/lib/node_modules/npm/node_modules/npm-lifecycle/index.js:332:16)
13 verbose stack     at EventEmitter.emit (events.js:223:5)
13 verbose stack     at ChildProcess.<anonymous> (/usr/lib/node_modules/npm/node_modules/npm-lifecycle/lib/spawn.js:55:14)
13 verbose stack     at ChildProcess.emit (events.js:223:5)
13 verbose stack     at maybeClose (internal/child_process.js:1021:16)
13 verbose stack     at Process.ChildProcess._handle.onexit (internal/child_process.js:283:5)
14 verbose pkgid capital8@0.1.0
15 verbose cwd /home/tactile-communication/domains/capital8.tactile-communication.com/public_html
16 verbose Linux 3.14.32-xxxx-grs-ipv6-64
17 verbose argv "/usr/bin/node" "/usr/bin/npm" "run" "start"
18 verbose node v12.14.1
19 verbose npm  v6.13.4
20 error code ELIFECYCLE
21 error errno 1
22 error capital8@0.1.0 start: `NODE_ENV=production node server.js`
22 error Exit status 1
23 error Failed at the capital8@0.1.0 start script.
23 error This is probably not a problem with npm. There is likely additional logging output above.
24 verbose exit [ 1, true ]
